\BOOKMARK [0][-]{dedication.0}{Dedicat\363ria}{}% 1
\BOOKMARK [0][-]{acknowledgements.0}{Agradecimentos}{}% 2
\BOOKMARK [0][-]{resumo.0}{Resumo}{}% 3
\BOOKMARK [0][-]{abstract.0}{Abstract}{}% 4
\BOOKMARK [0][-]{chapter.1}{Introdu\347\343o}{}% 5
\BOOKMARK [1][-]{section.1.1}{Contextualiza\347\343o}{chapter.1}% 6
\BOOKMARK [1][-]{section.1.2}{Objetivos}{chapter.1}% 7
\BOOKMARK [2][-]{subsection.1.2.1}{Objetivo Geral}{section.1.2}% 8
\BOOKMARK [2][-]{subsection.1.2.2}{Objetivos Espec\355ficos}{section.1.2}% 9
\BOOKMARK [1][-]{section.1.3}{Estrutura do trabalho}{chapter.1}% 10
\BOOKMARK [0][-]{chapter.2}{Referencial Te\363rico}{}% 11
\BOOKMARK [1][-]{section.2.1}{Sistemas Colaborativos}{chapter.2}% 12
\BOOKMARK [2][-]{subsection.2.1.1}{Colabora\347\343o versus Intera\347\343o}{section.2.1}% 13
\BOOKMARK [2][-]{subsection.2.1.2}{Sistemas Computacionais Colaborativos}{section.2.1}% 14
\BOOKMARK [1][-]{section.2.2}{Internet das Coisas}{chapter.2}% 15
\BOOKMARK [2][-]{subsection.2.2.1}{Defini\347\343o}{section.2.2}% 16
\BOOKMARK [2][-]{subsection.2.2.2}{Tecnologias essenciais}{section.2.2}% 17
\BOOKMARK [2][-]{subsection.2.2.3}{Desafios Conhecidos}{section.2.2}% 18
\BOOKMARK [1][-]{section.2.3}{Dados}{chapter.2}% 19
\BOOKMARK [2][-]{subsection.2.3.1}{Metadados}{section.2.3}% 20
\BOOKMARK [2][-]{subsection.2.3.2}{Metadados de sensores}{section.2.3}% 21
\BOOKMARK [1][-]{section.2.4}{Plataforma}{chapter.2}% 22
\BOOKMARK [2][-]{subsection.2.4.1}{Hist\363rico}{section.2.4}% 23
\BOOKMARK [2][-]{subsection.2.4.2}{Caracter\355sticas de Hardware}{section.2.4}% 24
\BOOKMARK [2][-]{subsection.2.4.3}{Caracter\355sticas de Software}{section.2.4}% 25
\BOOKMARK [0][-]{chapter.3}{Metodologia}{}% 26
\BOOKMARK [1][-]{section.3.1}{Revis\343o Sistem\341tica}{chapter.3}% 27
\BOOKMARK [2][-]{subsection.3.1.1}{Planejamento}{section.3.1}% 28
\BOOKMARK [2][-]{subsection.3.1.2}{Execu\347\343o}{section.3.1}% 29
\BOOKMARK [1][-]{section.3.2}{Constru\347\343o do Ambiente IoT}{chapter.3}% 30
\BOOKMARK [2][-]{subsection.3.2.1}{Dispositivos Sensitivos}{section.3.2}% 31
\BOOKMARK [2][-]{subsection.3.2.2}{Localiza\347\343o}{section.3.2}% 32
\BOOKMARK [2][-]{subsection.3.2.3}{Comportamento Esperado}{section.3.2}% 33
\BOOKMARK [0][-]{chapter.4}{Cronograma}{}% 34
\BOOKMARK [1][-]{section.4.1}{Cronograma Projeto Final em Engenharia de Computa\347\343o 2 \(1/2019\)}{chapter.4}% 35
\BOOKMARK [1][-]{section.4.2}{Defini\347\343o do Problema}{chapter.4}% 36
\BOOKMARK [1][-]{section.4.3}{Solu\347\343o Proposta}{chapter.4}% 37
\BOOKMARK [0][-]{section*.42}{Refer\352ncias}{}% 38
